> C:\Document\phd\SourceInverse\SourceInverse\.venv_clean\Scripts\python.exe C:\Document\phd\SourceInverse\SourceInverse\pinn_source\pinn_source_pinn.py

Output directory: C:\Document\phd\SourceInverse\SourceInverse\result\20260629_090053_硫化氢(H₂S)
Saved training input copies: sites.xlsx, concentration.xlsx, wind.xlsx
Event window crop: kept_rows=13/13, start=2026-04-14 08:00:00, end=2026-04-14 20:00:00, pad_steps=2
Wind vector smoothing: window=5, low_speed_mps=0.80, raw_step_mean=6.3 deg, raw_step_max=17.0 deg, smooth_step_mean=2.7 deg, smooth_step_max=6.6 deg
Using device: cuda (preference=auto)
CUDA device: NVIDIA GeForce RTX 4070 Laptop GPU
Data summary: n_obs=130, fit_min=0.000, fit_p50=0.025, fit_p95=3.980, fit_max=243.600, c_scale=3.980, train_on_residual=True, baseline_mode=median
Baseline summary: base_min=3.150, base_p50=3.600, base_p95=4.010, base_max=4.100, raw_max=247.000
Anomaly-weight summary: high_ref=3.980, w_mean=75.164, w_max=5463.543
Time-peak-weight summary: w_mean=1.143, w_max=5.000, ratio=0.60, min_relief=0.15
Event-weight summary: time_w_mean=3.000, time_w_max=3.000, peak_w_mean=1.123, peak_w_max=3.000
Q mode: smooth_time, continuous_time_nodes=13, event_active_count=13/13
Source position mode: single
Training speed settings: epochs=2500, n_collocation=1500, landscape_step=150.0m, landscape_geometry=False, gif=24x80x80
Epoch 500: raw_loss=226635.328125, data=226634.0156, pde=1.0370, source_local=0.0000, axis=0.1057, high_downwind=0.0830, q_smooth=0.0064, q_l2=0.1829, D=1.341e-04, Q_mean=31.0292, xs=-0.016, ys=-0.052, pde_factor=1.000, data_mult=1.00, multi_mult=1.00
Timing: data_forward=0.008s, obs_losses=0.000s, pde=0.074s, source_local=0.000s, axis=0.000s, backward=0.108s, optimizer=0.001s, epoch_total=0.196s
Debug: bg[mean=-0.0229, std=0.0011, min=-0.0245, max=-0.0210], plume[mean=0.2474, std=0.6088, min=0.0000, max=2.8792], Q[mean=2.5788, std=0.4575, min=1.8082, max=2.9862], gate[mean=0.2474, std=0.6088, min=0.0000, max=2.8792], source_term[mean=0.3015, std=0.7417, min=0.0000, max=3.5078], pred[mean=0.3015, std=0.7417, min=0.0000, max=3.5078], fit_raw_rmse=28.2066, weighted_data_residual=59.8964, bg_abs_mean=0.0229, source_abs_mean=0.3015, pde_abs_mean=0.5138, baseline_mean=3.6731, obs_fit_mean=1.1644, pred_raw_mean=4.8729, pred_raw_max=18.0611, peak_hit_mean=0.6431, peak_obs_mean=45.9077, peak_pred_mean=7.1057, peak_gate_mean=0.7079, peak_q_obs_mean=2.5788, peak_plume_mean=0.7079, multi_high_shape_dbg=0.0000, multi_high_sep_dbg=0.0000, multi_high_time_dbg=0.0000, multi_station_count_mean=1.77, multi_station_count_max=4.00, D=1.3410e-04, D_parallel=1.3410e-04, D_perp=2.6821e-05
Epoch 1000: raw_loss=213704.718750, data=213699.2656, pde=5.1690, source_local=0.0000, axis=0.1058, high_downwind=0.0830, q_smooth=0.0132, q_l2=0.4201, D=1.342e-04, Q_mean=49.9460, xs=-0.016, ys=-0.052, pde_factor=1.000, data_mult=1.00, multi_mult=1.00
Timing: data_forward=0.008s, obs_losses=0.018s, pde=0.076s, source_local=0.019s, axis=0.000s, backward=0.140s, optimizer=0.001s, epoch_total=0.266s
Debug: bg[mean=-0.0229, std=0.0011, min=-0.0245, max=-0.0210], plume[mean=0.4010, std=1.0021, min=0.0000, max=4.8816], Q[mean=4.1381, std=0.9953, min=2.6139, max=5.0000], gate[mean=0.4010, std=1.0021, min=0.0000, max=4.8816], source_term[mean=0.5899, std=1.4743, min=0.0000, max=7.1822], pred[mean=0.5899, std=1.4743, min=0.0000, max=7.1822], fit_raw_rmse=27.8208, weighted_data_residual=58.6703, bg_abs_mean=0.0229, source_abs_mean=0.5899, pde_abs_mean=1.0537, baseline_mean=3.6731, obs_fit_mean=1.1644, pred_raw_mean=6.0210, pred_raw_max=32.6851, peak_hit_mean=0.8767, peak_obs_mean=45.9077, peak_pred_mean=10.4389, peak_gate_mean=1.1554, peak_q_obs_mean=4.1381, peak_plume_mean=1.1554, multi_high_shape_dbg=0.0000, multi_high_sep_dbg=0.0000, multi_high_time_dbg=0.0000, multi_station_count_mean=1.77, multi_station_count_max=4.00, D=1.3423e-04, D_parallel=1.3423e-04, D_perp=2.6846e-05
Epoch 1500: raw_loss=208416.296875, data=208408.7344, pde=7.2748, source_local=0.0000, axis=0.1058, high_downwind=0.0830, q_smooth=0.0088, q_l2=0.4412, D=1.344e-04, Q_mean=51.1858, xs=-0.016, ys=-0.052, pde_factor=1.000, data_mult=1.00, multi_mult=1.00
Timing: data_forward=0.007s, obs_losses=0.000s, pde=0.068s, source_local=0.000s, axis=0.000s, backward=0.099s, optimizer=0.001s, epoch_total=0.179s
Debug: bg[mean=-0.0229, std=0.0011, min=-0.0245, max=-0.0210], plume[mean=0.4090, std=1.0136, min=0.0000, max=4.8817], Q[mean=4.2442, std=0.8719, min=2.8371, max=5.0000], gate[mean=0.4090, std=1.0136, min=0.0000, max=4.8817], source_term[mean=0.7307, std=1.8108, min=0.0000, max=8.7212], pred[mean=0.7307, std=1.8108, min=0.0000, max=8.7212], fit_raw_rmse=27.7953, weighted_data_residual=58.2083, bg_abs_mean=0.0229, source_abs_mean=0.7307, pde_abs_mean=1.2748, baseline_mean=3.6731, obs_fit_mean=1.1644, pred_raw_mean=6.5813, pred_raw_max=38.8103, peak_hit_mean=0.9923, peak_obs_mean=45.9077, peak_pred_mean=11.9875, peak_gate_mean=1.1694, peak_q_obs_mean=4.2442, peak_plume_mean=1.1694, multi_high_shape_dbg=0.0000, multi_high_sep_dbg=0.0000, multi_high_time_dbg=0.0000, multi_station_count_mean=1.77, multi_station_count_max=4.00, D=1.3439e-04, D_parallel=1.3439e-04, D_perp=2.6878e-05
Epoch 2000: raw_loss=202659.781250, data=202648.4688, pde=11.0264, source_local=0.0000, axis=0.1058, high_downwind=0.0830, q_smooth=0.0094, q_l2=0.4259, D=1.345e-04, Q_mean=50.4516, xs=-0.016, ys=-0.052, pde_factor=1.000, data_mult=1.00, multi_mult=1.00
Timing: data_forward=0.010s, obs_losses=0.000s, pde=0.079s, source_local=0.000s, axis=0.000s, backward=0.104s, optimizer=0.001s, epoch_total=0.198s
Debug: bg[mean=-0.0229, std=0.0011, min=-0.0245, max=-0.0210], plume[mean=0.4028, std=1.0041, min=0.0000, max=4.8817], Q[mean=4.1680, std=0.9432, min=2.7735, max=5.0000], gate[mean=0.4028, std=1.0041, min=0.0000, max=4.8817], source_term[mean=0.8610, std=2.1462, min=0.0000, max=10.4345], pred[mean=0.8610, std=2.1462, min=0.0000, max=10.4345], fit_raw_rmse=27.7977, weighted_data_residual=57.6308, bg_abs_mean=0.0229, source_abs_mean=0.8610, pde_abs_mean=1.5731, baseline_mean=3.6731, obs_fit_mean=1.1644, pred_raw_mean=7.0998, pred_raw_max=45.6291, peak_hit_mean=1.0960, peak_obs_mean=45.9077, peak_pred_mean=13.5085, peak_gate_mean=1.1561, peak_q_obs_mean=4.1680, peak_plume_mean=1.1561, multi_high_shape_dbg=0.0000, multi_high_sep_dbg=0.0000, multi_high_time_dbg=0.0000, multi_station_count_mean=1.77, multi_station_count_max=4.00, D=1.3455e-04, D_parallel=1.3455e-04, D_perp=2.6910e-05
Epoch 2500: raw_loss=196394.671875, data=196378.6406, pde=15.7439, source_local=0.0000, axis=0.1058, high_downwind=0.0830, q_smooth=0.0107, q_l2=0.4195, D=1.347e-04, Q_mean=50.0970, xs=-0.016, ys=-0.052, pde_factor=1.000, data_mult=1.00, multi_mult=1.00
Timing: data_forward=0.011s, obs_losses=0.020s, pde=0.077s, source_local=0.018s, axis=0.000s, backward=0.116s, optimizer=0.001s, epoch_total=0.249s
Debug: bg[mean=-0.0229, std=0.0011, min=-0.0245, max=-0.0210], plume[mean=0.4002, std=1.0004, min=0.0000, max=4.8815], Q[mean=4.1319, std=0.9843, min=2.6679, max=5.0000], gate[mean=0.4002, std=1.0004, min=0.0000, max=4.8815], source_term[mean=1.0122, std=2.5304, min=0.0000, max=12.3475], pred[mean=1.0122, std=2.5304, min=0.0000, max=12.3475], fit_raw_rmse=27.9045, weighted_data_residual=57.0032, bg_abs_mean=0.0229, source_abs_mean=1.0122, pde_abs_mean=1.9326, baseline_mean=3.6731, obs_fit_mean=1.1644, pred_raw_mean=7.7017, pred_raw_max=53.2429, peak_hit_mean=1.2162, peak_obs_mean=45.9077, peak_pred_mean=15.2328, peak_gate_mean=1.1483, peak_q_obs_mean=4.1319, peak_plume_mean=1.1483, multi_high_shape_dbg=0.0000, multi_high_sep_dbg=0.0000, multi_high_time_dbg=0.0000, multi_station_count_mean=1.77, multi_station_count_max=4.00, D=1.3471e-04, D_parallel=1.3471e-04, D_perp=2.6942e-05
Restored best model checkpoint: epoch=2500, raw_loss=196394.671875
Estimated source (x,y) meters: 12.507617947913786 -286.05014038096033
Estimated source (lat,lon): 30.714374847689694 121.29334799348355
Saved training diagnostics: C:\Document\phd\SourceInverse\SourceInverse\result\20260629_090053_硫化氢(H₂S)\training_diagnostics.csv
Saved station peak diagnostics: C:\Document\phd\SourceInverse\SourceInverse\result\20260629_090053_硫化氢(H₂S)\station_peak_diagnostics.csv
Computing fast source confidence landscape: mode=local, radius=450.0 m, step=150.0 m
Source landscape grid: nx=7, ny=7, total=49
Source landscape progress: 49/49 (100.0%), elapsed=0.4s, eta=0.0s
Saved source confidence outputs: C:\Document\phd\SourceInverse\SourceInverse\result\20260629_090053_硫化氢(H₂S)\source_confidence_landscape.png, C:\Document\phd\SourceInverse\SourceInverse\result\20260629_090053_硫化氢(H₂S)\source_confidence_landscape.json, C:\Document\phd\SourceInverse\SourceInverse\result\20260629_090053_硫化氢(H₂S)\source_probability_map.csv
Saved result quality report: C:\Document\phd\SourceInverse\SourceInverse\result\20260629_090053_硫化氢(H₂S)\result_quality_report.json
Result quality warnings: raw concentration RMSE is high; one or more high-value station peaks are badly missed
Saved station time-series plot: C:\Document\phd\SourceInverse\SourceInverse\result\20260629_090053_硫化氢(H₂S)\station_timeseries.png
Saved source confidence/site plot: C:\Document\phd\SourceInverse\SourceInverse\result\20260629_090053_硫化氢(H₂S)\sites_source_confidence.png
