> C:\Document\phd\SourceInverse\SourceInverse\.venv_clean\Scripts\python.exe C:\Document\phd\SourceInverse\SourceInverse\pinn_source\pinn_source_pinn.py

Output directory: C:\Document\phd\SourceInverse\SourceInverse\result\20260628_235053_Ň»Ńő»ŻµŞ(NO)
Saved training input copies: sites.xlsx, concentration.xlsx, wind.xlsx
Event window crop: kept_rows=14/14, start=2026-04-15 05:00:00, end=2026-04-15 18:00:00, pad_steps=2
Wind vector smoothing: window=5, low_speed_mps=0.80, raw_step_mean=26.9 deg, raw_step_max=127.0 deg, smooth_step_mean=17.6 deg, smooth_step_max=132.2 deg
Using device: cuda (preference=auto)
CUDA device: NVIDIA GeForce RTX 4070 Laptop GPU
Data summary: n_obs=140, fit_min=0.000, fit_p50=0.000, fit_p95=6.525, fit_max=498.500, c_scale=6.525, train_on_residual=True, baseline_mode=median
Baseline summary: base_min=1.500, base_p50=4.500, base_p95=8.225, base_max=10.500, raw_max=504.000
Anomaly-weight summary: high_ref=6.525, w_mean=94.977, w_max=6830.862
Time-peak-weight summary: w_mean=1.190, w_max=5.000, ratio=0.60, min_relief=0.15
Event-weight summary: time_w_mean=3.000, time_w_max=3.000, peak_w_mean=1.257, peak_w_max=3.000
Q mode: smooth_time, continuous_time_nodes=14, event_active_count=14/14
Source position mode: single
Training speed settings: epochs=2500, n_collocation=1500, landscape_step=150.0m, landscape_geometry=False, gif=24x80x80
Epoch 500: raw_loss=425137.906250, data=425100.2812, pde=37.0348, source_local=0.0000, axis=0.2989, high_downwind=0.1465, q_smooth=0.0192, q_l2=0.2673, D=1.453e-04, Q_mean=40.3550, xs=-0.094, ys=-0.001, pde_factor=1.000, data_mult=1.00, multi_mult=1.00
Timing: data_forward=0.006s, obs_losses=0.000s, pde=0.065s, source_local=0.000s, axis=0.000s, backward=0.085s, optimizer=0.001s, epoch_total=0.161s
Debug: bg[mean=-0.0230, std=0.0011, min=-0.0245, max=-0.0210], plume[mean=0.2984, std=0.7585, min=0.0000, max=3.3919], Q[mean=3.1350, std=0.4645, min=2.3689, max=3.5864], gate[mean=0.2984, std=0.7585, min=0.0000, max=3.3919], source_term[mean=0.3690, std=0.9380, min=0.0000, max=4.1945], pred[mean=0.3690, std=0.9380, min=0.0000, max=4.1945], fit_raw_rmse=53.8091, weighted_data_residual=78.4529, bg_abs_mean=0.0230, source_abs_mean=0.3690, pde_abs_mean=2.0460, baseline_mean=4.4286, obs_fit_mean=1.1604, pred_raw_mean=6.8365, pred_raw_max=37.7491, peak_hit_mean=0.5079, peak_obs_mean=74.1429, peak_pred_mean=6.7186, peak_gate_mean=0.2838, peak_q_obs_mean=3.1350, peak_plume_mean=0.2838, multi_high_shape_dbg=0.0000, multi_high_sep_dbg=0.0000, multi_high_time_dbg=0.0000, multi_station_count_mean=2.07, multi_station_count_max=4.00, D=1.4526e-04, D_parallel=1.4526e-04, D_perp=2.9053e-05
Epoch 1000: raw_loss=405944.000000, data=405809.7500, pde=133.6684, source_local=0.0000, axis=0.2989, high_downwind=0.1465, q_smooth=0.0061, q_l2=0.5797, D=1.453e-04, Q_mean=61.4098, xs=-0.094, ys=-0.001, pde_factor=1.000, data_mult=1.00, multi_mult=1.00
Timing: data_forward=0.012s, obs_losses=0.017s, pde=0.059s, source_local=0.017s, axis=0.000s, backward=0.094s, optimizer=0.000s, epoch_total=0.203s
Debug: bg[mean=-0.0230, std=0.0011, min=-0.0245, max=-0.0210], plume[mean=0.4391, std=1.0979, min=0.0000, max=4.7456], Q[mean=4.7428, std=0.3697, min=3.9723, max=5.0000], gate[mean=0.4391, std=1.0979, min=0.0000, max=4.7456], source_term[mean=0.6639, std=1.6600, min=0.0000, max=7.1753], pred[mean=0.6639, std=1.6600, min=0.0000, max=7.1753], fit_raw_rmse=53.4542, weighted_data_residual=77.2612, bg_abs_mean=0.0230, source_abs_mean=0.6639, pde_abs_mean=3.3341, baseline_mean=4.4286, obs_fit_mean=1.1604, pred_raw_mean=8.7607, pred_raw_max=57.2817, peak_hit_mean=0.5432, peak_obs_mean=74.1429, peak_pred_mean=8.3513, peak_gate_mean=0.3976, peak_q_obs_mean=4.7428, peak_plume_mean=0.3976, multi_high_shape_dbg=0.0000, multi_high_sep_dbg=0.0000, multi_high_time_dbg=0.0000, multi_station_count_mean=2.07, multi_station_count_max=4.00, D=1.4529e-04, D_parallel=1.4529e-04, D_perp=2.9058e-05
Epoch 1500: raw_loss=396848.343750, data=396670.1875, pde=177.5501, source_local=0.0000, axis=0.2989, high_downwind=0.1465, q_smooth=0.0078, q_l2=0.5483, D=1.454e-04, Q_mean=60.1804, xs=-0.094, ys=-0.001, pde_factor=1.000, data_mult=1.00, multi_mult=1.00
Timing: data_forward=0.008s, obs_losses=0.000s, pde=0.072s, source_local=0.000s, axis=0.000s, backward=0.111s, optimizer=0.001s, epoch_total=0.196s
Debug: bg[mean=-0.0230, std=0.0011, min=-0.0245, max=-0.0210], plume[mean=0.4343, std=1.0901, min=0.0000, max=4.7444], Q[mean=4.6630, std=0.4404, min=3.7516, max=5.0000], gate[mean=0.4343, std=1.0901, min=0.0000, max=4.7444], source_term[mean=0.7894, std=1.9814, min=0.0000, max=8.6234], pred[mean=0.7894, std=1.9814, min=0.0000, max=8.6234], fit_raw_rmse=53.3956, weighted_data_residual=76.6520, bg_abs_mean=0.0230, source_abs_mean=0.7894, pde_abs_mean=4.0626, baseline_mean=4.4286, obs_fit_mean=1.1604, pred_raw_mean=9.5794, pred_raw_max=66.7230, peak_hit_mean=0.5588, peak_obs_mean=74.1429, peak_pred_mean=9.1409, peak_gate_mean=0.3973, peak_q_obs_mean=4.6630, peak_plume_mean=0.3973, multi_high_shape_dbg=0.0000, multi_high_sep_dbg=0.0000, multi_high_time_dbg=0.0000, multi_station_count_mean=2.07, multi_station_count_max=4.00, D=1.4535e-04, D_parallel=1.4535e-04, D_perp=2.9070e-05
Epoch 2000: raw_loss=386685.156250, data=386460.6250, pde=223.9440, source_local=0.0000, axis=0.2989, high_downwind=0.1465, q_smooth=0.0075, q_l2=0.5384, D=1.454e-04, Q_mean=60.0178, xs=-0.094, ys=-0.001, pde_factor=1.000, data_mult=1.00, multi_mult=1.00
Timing: data_forward=0.015s, obs_losses=0.000s, pde=0.110s, source_local=0.000s, axis=0.000s, backward=0.123s, optimizer=0.002s, epoch_total=0.258s
Debug: bg[mean=-0.0230, std=0.0011, min=-0.0245, max=-0.0210], plume[mean=0.4328, std=1.0885, min=0.0000, max=4.7445], Q[mean=4.6327, std=0.4588, min=3.6635, max=5.0000], gate[mean=0.4328, std=1.0885, min=0.0000, max=4.7445], source_term[mean=0.9376, std=2.3580, min=0.0000, max=10.2783], pred[mean=0.9376, std=2.3580, min=0.0000, max=10.2783], fit_raw_rmse=53.4666, weighted_data_residual=75.9653, bg_abs_mean=0.0230, source_abs_mean=0.9376, pde_abs_mean=4.3936, baseline_mean=4.4286, obs_fit_mean=1.1604, pred_raw_mean=10.5461, pred_raw_max=77.5120, peak_hit_mean=0.5769, peak_obs_mean=74.1429, peak_pred_mean=10.0431, peak_gate_mean=0.3972, peak_q_obs_mean=4.6327, peak_plume_mean=0.3972, multi_high_shape_dbg=0.0000, multi_high_sep_dbg=0.0000, multi_high_time_dbg=0.0000, multi_station_count_mean=2.07, multi_station_count_max=4.00, D=1.4543e-04, D_parallel=1.4543e-04, D_perp=2.9085e-05
Epoch 2500: raw_loss=375727.843750, data=375400.7500, pde=326.4844, source_local=0.0000, axis=0.2989, high_downwind=0.1465, q_smooth=0.0060, q_l2=0.5371, D=1.454e-04, Q_mean=59.7889, xs=-0.094, ys=-0.001, pde_factor=1.000, data_mult=1.00, multi_mult=1.00
Timing: data_forward=0.011s, obs_losses=0.019s, pde=0.107s, source_local=0.023s, axis=0.000s, backward=0.139s, optimizer=0.001s, epoch_total=0.304s
Debug: bg[mean=-0.0230, std=0.0011, min=-0.0245, max=-0.0210], plume[mean=0.4303, std=1.0822, min=0.0000, max=4.7361], Q[mean=4.6117, std=0.4491, min=3.7837, max=5.0000], gate[mean=0.4303, std=1.0822, min=0.0000, max=4.7361], source_term[mean=1.0987, std=2.7635, min=0.0000, max=12.0938], pred[mean=1.0987, std=2.7635, min=0.0000, max=12.0938], fit_raw_rmse=53.6678, weighted_data_residual=75.2006, bg_abs_mean=0.0230, source_abs_mean=1.0987, pde_abs_mean=5.3694, baseline_mean=4.4286, obs_fit_mean=1.1604, pred_raw_mean=11.5974, pred_raw_max=89.3490, peak_hit_mean=0.5968, peak_obs_mean=74.1429, peak_pred_mean=11.0384, peak_gate_mean=0.3967, peak_q_obs_mean=4.6117, peak_plume_mean=0.3967, multi_high_shape_dbg=0.0000, multi_high_sep_dbg=0.0000, multi_high_time_dbg=0.0000, multi_station_count_mean=2.07, multi_station_count_max=4.00, D=1.4545e-04, D_parallel=1.4545e-04, D_perp=2.9090e-05
Restored best model checkpoint: epoch=2500, raw_loss=375727.843750
Estimated source (x,y) meters: -510.9007458246531 53.49925134560415
Estimated source (lat,lon): 30.717446580924058 121.28787884159001
Saved training diagnostics: C:\Document\phd\SourceInverse\SourceInverse\result\20260628_235053_Ň»Ńő»ŻµŞ(NO)\training_diagnostics.csv
Saved station peak diagnostics: C:\Document\phd\SourceInverse\SourceInverse\result\20260628_235053_Ň»Ńő»ŻµŞ(NO)\station_peak_diagnostics.csv
Computing fast source confidence landscape: mode=local, radius=450.0 m, step=150.0 m
Source landscape grid: nx=7, ny=7, total=49
Source landscape progress: 49/49 (100.0%), elapsed=0.5s, eta=0.0s
Saved source confidence outputs: C:\Document\phd\SourceInverse\SourceInverse\result\20260628_235053_Ň»Ńő»ŻµŞ(NO)\source_confidence_landscape.png, C:\Document\phd\SourceInverse\SourceInverse\result\20260628_235053_Ň»Ńő»ŻµŞ(NO)\source_confidence_landscape.json, C:\Document\phd\SourceInverse\SourceInverse\result\20260628_235053_Ň»Ńő»ŻµŞ(NO)\source_probability_map.csv
Saved result quality report: C:\Document\phd\SourceInverse\SourceInverse\result\20260628_235053_Ň»Ńő»ŻµŞ(NO)\result_quality_report.json
Result quality warnings: raw concentration RMSE is high; one or more high-value station peaks are badly missed
Saved and displayed source confidence/site plot: C:\Document\phd\SourceInverse\SourceInverse\result\20260628_235053_Ň»Ńő»ŻµŞ(NO)\sites_source_confidence.png
