> C:\Document\phd\SourceInverse\SourceInverse\.venv_clean\Scripts\python.exe C:\Document\phd\SourceInverse\SourceInverse\pinn_source\pinn_source_pinn.py

Output directory: C:\Document\phd\SourceInverse\SourceInverse\result\20260629_085132_一氧化氮(NO)
Saved training input copies: sites.xlsx, concentration.xlsx, wind.xlsx
Event window crop: kept_rows=13/13, start=2026-04-14 08:00:00, end=2026-04-14 20:00:00, pad_steps=2
Wind vector smoothing: window=5, low_speed_mps=0.80, raw_step_mean=6.9 deg, raw_step_max=23.0 deg, smooth_step_mean=2.8 deg, smooth_step_max=6.7 deg
Using device: cuda (preference=auto)
CUDA device: NVIDIA GeForce RTX 4070 Laptop GPU
Data summary: n_obs=130, fit_min=0.000, fit_p50=0.000, fit_p95=3.500, fit_max=421.000, c_scale=3.500, train_on_residual=True, baseline_mode=median
Baseline summary: base_min=2.000, base_p50=4.000, base_p95=6.200, base_max=6.500, raw_max=425.000
Anomaly-weight summary: high_ref=3.500, w_mean=168.274, w_max=10780.714
Time-peak-weight summary: w_mean=1.125, w_max=5.000, ratio=0.60, min_relief=0.15
Event-weight summary: time_w_mean=3.000, time_w_max=3.000, peak_w_mean=1.123, peak_w_max=3.000
Q mode: smooth_time, continuous_time_nodes=13, event_active_count=13/13
Source position mode: single
Training speed settings: epochs=2500, n_collocation=1500, landscape_step=150.0m, landscape_geometry=False, gif=24x80x80
Epoch 500: raw_loss=2273460.000000, data=2273458.5000, pde=0.9901, source_local=0.0000, axis=0.1786, high_downwind=0.0758, q_smooth=0.0046, q_l2=0.2081, D=1.341e-04, Q_mean=32.3222, xs=-0.001, ys=-0.038, pde_factor=1.000, data_mult=1.00, multi_mult=1.00
Timing: data_forward=0.008s, obs_losses=0.000s, pde=0.083s, source_local=0.000s, axis=0.000s, backward=0.107s, optimizer=0.000s, epoch_total=0.203s
Debug: bg[mean=-0.0229, std=0.0011, min=-0.0245, max=-0.0210], plume[mean=0.2750, std=0.6416, min=0.0000, max=2.7792], Q[mean=2.6780, std=0.2991, min=1.9808, max=2.9361], gate[mean=0.2750, std=0.6416, min=0.0000, max=2.7792], source_term[mean=0.3345, std=0.7806, min=0.0000, max=3.3814], pred[mean=0.3345, std=0.7806, min=0.0000, max=3.3814], fit_raw_rmse=51.1885, weighted_data_residual=187.9084, bg_abs_mean=0.0229, source_abs_mean=0.3345, pde_abs_mean=0.5121, baseline_mean=4.0000, obs_fit_mean=2.0264, pred_raw_mean=5.1709, pred_raw_max=18.3337, peak_hit_mean=0.5117, peak_obs_mean=71.0769, peak_pred_mean=4.9931, peak_gate_mean=0.2332, peak_q_obs_mean=2.6780, peak_plume_mean=0.2332, multi_high_shape_dbg=0.0000, multi_high_sep_dbg=0.0000, multi_high_time_dbg=0.0000, multi_station_count_mean=1.85, multi_station_count_max=4.00, D=1.3408e-04, D_parallel=1.3408e-04, D_perp=2.6816e-05
Epoch 1000: raw_loss=2221098.250000, data=2221093.7500, pde=3.9581, source_local=0.0000, axis=0.1786, high_downwind=0.0758, q_smooth=0.0027, q_l2=0.5660, D=1.341e-04, Q_mean=56.7167, xs=-0.001, ys=-0.038, pde_factor=1.000, data_mult=1.00, multi_mult=1.00
Timing: data_forward=0.007s, obs_losses=0.017s, pde=0.066s, source_local=0.017s, axis=0.000s, backward=0.113s, optimizer=0.001s, epoch_total=0.225s
Debug: bg[mean=-0.0229, std=0.0011, min=-0.0245, max=-0.0210], plume[mean=0.4812, std=1.1215, min=0.0000, max=4.8629], Q[mean=4.6952, std=0.4469, min=3.6832, max=5.0000], gate[mean=0.4812, std=1.1215, min=0.0000, max=4.8629], source_term[mean=0.7059, std=1.6452, min=0.0000, max=7.1342], pred[mean=0.7059, std=1.6452, min=0.0000, max=7.1342], fit_raw_rmse=50.8543, weighted_data_residual=186.2293, bg_abs_mean=0.0229, source_abs_mean=0.7059, pde_abs_mean=0.9901, baseline_mean=4.0000, obs_fit_mean=2.0264, pred_raw_mean=6.4708, pred_raw_max=31.4204, peak_hit_mean=0.5756, peak_obs_mean=71.0769, peak_pred_mean=6.0552, peak_gate_mean=0.4003, peak_q_obs_mean=4.6952, peak_plume_mean=0.4003, multi_high_shape_dbg=0.0000, multi_high_sep_dbg=0.0000, multi_high_time_dbg=0.0000, multi_station_count_mean=1.85, multi_station_count_max=4.00, D=1.3412e-04, D_parallel=1.3412e-04, D_perp=2.6824e-05
Epoch 1500: raw_loss=2199476.500000, data=2199470.0000, pde=5.9800, source_local=0.0000, axis=0.1786, high_downwind=0.0758, q_smooth=0.0024, q_l2=0.5797, D=1.342e-04, Q_mean=57.2821, xs=-0.001, ys=-0.038, pde_factor=1.000, data_mult=1.00, multi_mult=1.00
Timing: data_forward=0.007s, obs_losses=0.000s, pde=0.061s, source_local=0.000s, axis=0.000s, backward=0.092s, optimizer=0.001s, epoch_total=0.165s
Debug: bg[mean=-0.0229, std=0.0011, min=-0.0245, max=-0.0210], plume[mean=0.4846, std=1.1276, min=0.0000, max=4.8629], Q[mean=4.7425, std=0.3791, min=3.8362, max=5.0000], gate[mean=0.4846, std=1.1276, min=0.0000, max=4.8629], source_term[mean=0.8645, std=2.0113, min=0.0000, max=8.6740], pred[mean=0.8645, std=2.0113, min=0.0000, max=8.6740], fit_raw_rmse=50.7790, weighted_data_residual=185.5321, bg_abs_mean=0.0229, source_abs_mean=0.8645, pde_abs_mean=1.2488, baseline_mean=4.0000, obs_fit_mean=2.0264, pred_raw_mean=7.0256, pred_raw_max=36.7992, peak_hit_mean=0.6024, peak_obs_mean=71.0769, peak_pred_mean=6.5006, peak_gate_mean=0.4006, peak_q_obs_mean=4.7425, peak_plume_mean=0.4006, multi_high_shape_dbg=0.0000, multi_high_sep_dbg=0.0000, multi_high_time_dbg=0.0000, multi_station_count_mean=1.85, multi_station_count_max=4.00, D=1.3419e-04, D_parallel=1.3419e-04, D_perp=2.6838e-05
Epoch 2000: raw_loss=2175712.500000, data=2175703.5000, pde=8.6166, source_local=0.0000, axis=0.1786, high_downwind=0.0758, q_smooth=0.0022, q_l2=0.5656, D=1.343e-04, Q_mean=56.7206, xs=-0.001, ys=-0.038, pde_factor=1.000, data_mult=1.00, multi_mult=1.00
Timing: data_forward=0.009s, obs_losses=0.000s, pde=0.080s, source_local=0.000s, axis=0.000s, backward=0.096s, optimizer=0.001s, epoch_total=0.190s
Debug: bg[mean=-0.0229, std=0.0011, min=-0.0245, max=-0.0210], plume[mean=0.4808, std=1.1207, min=0.0000, max=4.8629], Q[mean=4.6942, std=0.4445, min=3.7641, max=5.0000], gate[mean=0.4808, std=1.1207, min=0.0000, max=4.8629], source_term[mean=1.0267, std=2.3934, min=0.0000, max=10.3858], pred[mean=1.0267, std=2.3934, min=0.0000, max=10.3858], fit_raw_rmse=50.7221, weighted_data_residual=184.7334, bg_abs_mean=0.0229, source_abs_mean=1.0267, pde_abs_mean=1.4932, baseline_mean=4.0000, obs_fit_mean=2.0264, pred_raw_mean=7.5936, pred_raw_max=42.7786, peak_hit_mean=0.6313, peak_obs_mean=71.0769, peak_pred_mean=6.9924, peak_gate_mean=0.4003, peak_q_obs_mean=4.6942, peak_plume_mean=0.4003, multi_high_shape_dbg=0.0000, multi_high_sep_dbg=0.0000, multi_high_time_dbg=0.0000, multi_station_count_mean=1.85, multi_station_count_max=4.00, D=1.3428e-04, D_parallel=1.3428e-04, D_perp=2.6855e-05
Epoch 2500: raw_loss=2149439.000000, data=2149426.5000, pde=11.9482, source_local=0.0000, axis=0.1786, high_downwind=0.0758, q_smooth=0.0026, q_l2=0.5618, D=1.344e-04, Q_mean=56.6005, xs=-0.001, ys=-0.038, pde_factor=1.000, data_mult=1.00, multi_mult=1.00
Timing: data_forward=0.011s, obs_losses=0.020s, pde=0.076s, source_local=0.015s, axis=0.000s, backward=0.116s, optimizer=0.001s, epoch_total=0.245s
Debug: bg[mean=-0.0229, std=0.0011, min=-0.0245, max=-0.0210], plume[mean=0.4798, std=1.1188, min=0.0000, max=4.8629], Q[mean=4.6816, std=0.4535, min=3.6814, max=5.0000], gate[mean=0.4798, std=1.1188, min=0.0000, max=4.8629], source_term[mean=1.2139, std=2.8305, min=0.0000, max=12.3029], pred[mean=1.2139, std=2.8305, min=0.0000, max=12.3029], fit_raw_rmse=50.7156, weighted_data_residual=183.8525, bg_abs_mean=0.0229, source_abs_mean=1.2139, pde_abs_mean=1.7471, baseline_mean=4.0000, obs_fit_mean=2.0264, pred_raw_mean=8.2487, pred_raw_max=49.4755, peak_hit_mean=0.6624, peak_obs_mean=71.0769, peak_pred_mean=7.5395, peak_gate_mean=0.3997, peak_q_obs_mean=4.6816, peak_plume_mean=0.3997, multi_high_shape_dbg=0.0000, multi_high_sep_dbg=0.0000, multi_high_time_dbg=0.0000, multi_station_count_mean=1.85, multi_station_count_max=4.00, D=1.3437e-04, D_parallel=1.3437e-04, D_perp=2.6874e-05
Restored best model checkpoint: epoch=2500, raw_loss=2149439.000000
Estimated source (x,y) meters: 110.99944463046383 -196.26195956433423
Estimated source (lat,lon): 30.715187116378104 121.29437714547592
Saved training diagnostics: C:\Document\phd\SourceInverse\SourceInverse\result\20260629_085132_一氧化氮(NO)\training_diagnostics.csv
Saved station peak diagnostics: C:\Document\phd\SourceInverse\SourceInverse\result\20260629_085132_一氧化氮(NO)\station_peak_diagnostics.csv
Computing fast source confidence landscape: mode=local, radius=450.0 m, step=150.0 m
Source landscape grid: nx=7, ny=7, total=49
Source landscape progress: 49/49 (100.0%), elapsed=0.4s, eta=0.0s
Saved source confidence outputs: C:\Document\phd\SourceInverse\SourceInverse\result\20260629_085132_一氧化氮(NO)\source_confidence_landscape.png, C:\Document\phd\SourceInverse\SourceInverse\result\20260629_085132_一氧化氮(NO)\source_confidence_landscape.json, C:\Document\phd\SourceInverse\SourceInverse\result\20260629_085132_一氧化氮(NO)\source_probability_map.csv
Saved result quality report: C:\Document\phd\SourceInverse\SourceInverse\result\20260629_085132_一氧化氮(NO)\result_quality_report.json
Result quality warnings: raw concentration RMSE is high; one or more high-value station peaks are badly missed
Saved station time-series plot: C:\Document\phd\SourceInverse\SourceInverse\result\20260629_085132_一氧化氮(NO)\station_timeseries.png
Saved source confidence/site plot: C:\Document\phd\SourceInverse\SourceInverse\result\20260629_085132_一氧化氮(NO)\sites_source_confidence.png
