> C:\Document\phd\SourceInverse\SourceInverse\.venv_clean\Scripts\python.exe C:\Document\phd\SourceInverse\SourceInverse\pinn_source\pinn_source_pinn.py

Output directory: C:\Document\phd\SourceInverse\SourceInverse\result\20260629_000406_硫化氢(H₂S)
Saved training input copies: sites.xlsx, concentration.xlsx, wind.xlsx
Event window crop: kept_rows=13/13, start=2026-04-15 04:00:00, end=2026-04-15 16:00:00, pad_steps=2
Wind vector smoothing: window=5, low_speed_mps=0.80, raw_step_mean=28.2 deg, raw_step_max=127.0 deg, smooth_step_mean=18.4 deg, smooth_step_max=132.2 deg
Using device: cuda (preference=auto)
CUDA device: NVIDIA GeForce RTX 4070 Laptop GPU
Data summary: n_obs=130, fit_min=0.000, fit_p50=0.025, fit_p95=3.277, fit_max=229.250, c_scale=3.277, train_on_residual=True, baseline_mode=median
Baseline summary: base_min=2.400, base_p50=3.850, base_p95=4.670, base_max=4.700, raw_max=233.300
Anomaly-weight summary: high_ref=3.277, w_mean=55.542, w_max=6250.195
Time-peak-weight summary: w_mean=1.287, w_max=5.000, ratio=0.60, min_relief=0.15
Event-weight summary: time_w_mean=3.000, time_w_max=3.000, peak_w_mean=1.231, peak_w_max=3.000
Q mode: smooth_time, continuous_time_nodes=13, event_active_count=13/13
Source position mode: single
Training speed settings: epochs=2500, n_collocation=1500, landscape_step=150.0m, landscape_geometry=False, gif=24x80x80
Epoch 500: raw_loss=211740.015625, data=211719.0156, pde=20.5664, source_local=0.0000, axis=0.1954, high_downwind=0.1184, q_smooth=0.2294, q_l2=0.2489, D=1.341e-04, Q_mean=29.8543, xs=-0.099, ys=-0.018, pde_factor=1.000, data_mult=1.00, multi_mult=1.00
Timing: data_forward=0.009s, obs_losses=0.000s, pde=0.076s, source_local=0.000s, axis=0.000s, backward=0.095s, optimizer=0.001s, epoch_total=0.185s
Debug: bg[mean=-0.0229, std=0.0011, min=-0.0245, max=-0.0210], plume[mean=0.2973, std=0.7613, min=0.0000, max=3.4362], Q[mean=2.5190, std=1.0100, min=1.0497, max=3.4619], gate[mean=0.2973, std=0.7613, min=0.0000, max=3.4362], source_term[mean=0.3664, std=0.9385, min=0.0000, max=4.2358], pred[mean=0.3664, std=0.9385, min=0.0000, max=4.2358], fit_raw_rmse=21.1640, weighted_data_residual=44.5348, bg_abs_mean=0.0229, source_abs_mean=0.3664, pde_abs_mean=1.3240, baseline_mean=3.7385, obs_fit_mean=0.9756, pred_raw_mean=4.9395, pred_raw_max=18.5330, peak_hit_mean=0.4830, peak_obs_mean=24.5769, peak_pred_mean=4.6914, peak_gate_mean=0.2359, peak_q_obs_mean=2.5190, peak_plume_mean=0.2359, multi_high_shape_dbg=0.0000, multi_high_sep_dbg=0.0000, multi_high_time_dbg=0.0000, multi_station_count_mean=1.85, multi_station_count_max=3.00, D=1.3409e-04, D_parallel=1.3409e-04, D_perp=2.6818e-05
Epoch 1000: raw_loss=193720.203125, data=193665.9219, pde=53.8370, source_local=0.0000, axis=0.1954, high_downwind=0.1184, q_smooth=0.0735, q_l2=0.3707, D=1.342e-04, Q_mean=46.7505, xs=-0.099, ys=-0.018, pde_factor=1.000, data_mult=1.00, multi_mult=1.00
Timing: data_forward=0.010s, obs_losses=0.020s, pde=0.075s, source_local=0.015s, axis=0.000s, backward=0.125s, optimizer=0.001s, epoch_total=0.252s
Debug: bg[mean=-0.0229, std=0.0011, min=-0.0245, max=-0.0210], plume[mean=0.4511, std=1.1337, min=0.0000, max=4.9636], Q[mean=3.9113, std=1.1841, min=2.3901, max=5.0000], gate[mean=0.4511, std=1.1337, min=0.0000, max=4.9636], source_term[mean=0.6783, std=1.7050, min=0.0000, max=7.4647], pred[mean=0.6783, std=1.7050, min=0.0000, max=7.4647], fit_raw_rmse=21.0325, weighted_data_residual=43.2543, bg_abs_mean=0.0229, source_abs_mean=0.6783, pde_abs_mean=2.0732, baseline_mean=3.7385, obs_fit_mean=0.9756, pred_raw_mean=5.9617, pred_raw_max=29.1157, peak_hit_mean=0.4868, peak_obs_mean=24.5769, peak_pred_mean=5.4274, peak_gate_mean=0.3427, peak_q_obs_mean=3.9113, peak_plume_mean=0.3427, multi_high_shape_dbg=0.0000, multi_high_sep_dbg=0.0000, multi_high_time_dbg=0.0000, multi_station_count_mean=1.85, multi_station_count_max=3.00, D=1.3421e-04, D_parallel=1.3421e-04, D_perp=2.6843e-05
Epoch 1500: raw_loss=185658.890625, data=185537.6094, pde=120.8469, source_local=0.0000, axis=0.1954, high_downwind=0.1184, q_smooth=0.2492, q_l2=0.3718, D=1.343e-04, Q_mean=42.9791, xs=-0.099, ys=-0.018, pde_factor=1.000, data_mult=1.00, multi_mult=1.00
Timing: data_forward=0.010s, obs_losses=0.000s, pde=0.084s, source_local=0.000s, axis=0.000s, backward=0.107s, optimizer=0.001s, epoch_total=0.207s
Debug: bg[mean=-0.0229, std=0.0011, min=-0.0245, max=-0.0210], plume[mean=0.4285, std=1.0996, min=0.0000, max=4.9638], Q[mean=3.6303, std=1.4727, min=1.4803, max=5.0000], gate[mean=0.4285, std=1.0996, min=0.0000, max=4.9638], source_term[mean=0.7750, std=1.9888, min=0.0000, max=8.9779], pred[mean=0.7750, std=1.9888, min=0.0000, max=8.9779], fit_raw_rmse=20.9882, weighted_data_residual=42.5808, bg_abs_mean=0.0229, source_abs_mean=0.7750, pde_abs_mean=3.2831, baseline_mean=3.7385, obs_fit_mean=0.9756, pred_raw_mean=6.2786, pred_raw_max=34.0749, peak_hit_mean=0.4882, peak_obs_mean=24.5769, peak_pred_mean=5.7675, peak_gate_mean=0.3423, peak_q_obs_mean=3.6303, peak_plume_mean=0.3423, multi_high_shape_dbg=0.0000, multi_high_sep_dbg=0.0000, multi_high_time_dbg=0.0000, multi_station_count_mean=1.85, multi_station_count_max=3.00, D=1.3434e-04, D_parallel=1.3434e-04, D_perp=2.6868e-05
Epoch 2000: raw_loss=176647.203125, data=176527.8594, pde=118.9014, source_local=0.0000, axis=0.1954, high_downwind=0.1184, q_smooth=0.1412, q_l2=0.3588, D=1.345e-04, Q_mean=44.5871, xs=-0.099, ys=-0.019, pde_factor=1.000, data_mult=1.00, multi_mult=1.00
Timing: data_forward=0.010s, obs_losses=0.000s, pde=0.084s, source_local=0.000s, axis=0.000s, backward=0.119s, optimizer=0.001s, epoch_total=0.218s
Debug: bg[mean=-0.0229, std=0.0011, min=-0.0245, max=-0.0210], plume[mean=0.4352, std=1.1088, min=0.0000, max=4.9637], Q[mean=3.7112, std=1.3564, min=1.8437, max=5.0000], gate[mean=0.4352, std=1.1088, min=0.0000, max=4.9637], source_term[mean=0.9376, std=2.3889, min=0.0000, max=10.6945], pred[mean=0.9376, std=2.3889, min=0.0000, max=10.6945], fit_raw_rmse=21.1192, weighted_data_residual=41.9019, bg_abs_mean=0.0229, source_abs_mean=0.9376, pde_abs_mean=3.4938, baseline_mean=3.7385, obs_fit_mean=0.9756, pred_raw_mean=6.8114, pred_raw_max=39.7013, peak_hit_mean=0.4903, peak_obs_mean=24.5769, peak_pred_mean=6.1564, peak_gate_mean=0.3424, peak_q_obs_mean=3.7112, peak_plume_mean=0.3424, multi_high_shape_dbg=0.0000, multi_high_sep_dbg=0.0000, multi_high_time_dbg=0.0000, multi_station_count_mean=1.85, multi_station_count_max=3.00, D=1.3449e-04, D_parallel=1.3449e-04, D_perp=2.6898e-05
Epoch 2500: raw_loss=166863.203125, data=166669.4688, pde=193.2748, source_local=0.0000, axis=0.1954, high_downwind=0.1184, q_smooth=0.3175, q_l2=0.3901, D=1.346e-04, Q_mean=42.2863, xs=-0.099, ys=-0.018, pde_factor=1.000, data_mult=1.00, multi_mult=1.00
Timing: data_forward=0.012s, obs_losses=0.018s, pde=0.094s, source_local=0.024s, axis=0.000s, backward=0.149s, optimizer=0.001s, epoch_total=0.303s
Debug: bg[mean=-0.0229, std=0.0011, min=-0.0245, max=-0.0210], plume[mean=0.4194, std=1.0871, min=0.0000, max=4.9631], Q[mean=3.5167, std=1.5489, min=1.3118, max=5.0000], gate[mean=0.4194, std=1.0871, min=0.0000, max=4.9631], source_term[mean=1.0667, std=2.7649, min=0.0000, max=12.6227], pred[mean=1.0667, std=2.7649, min=0.0000, max=12.6227], fit_raw_rmse=21.2367, weighted_data_residual=41.0532, bg_abs_mean=0.0229, source_abs_mean=1.0667, pde_abs_mean=4.0975, baseline_mean=3.7385, obs_fit_mean=0.9756, pred_raw_mean=7.2347, pred_raw_max=46.0210, peak_hit_mean=0.4921, peak_obs_mean=24.5769, peak_pred_mean=6.5907, peak_gate_mean=0.3422, peak_q_obs_mean=3.5167, peak_plume_mean=0.3422, multi_high_shape_dbg=0.0000, multi_high_sep_dbg=0.0000, multi_high_time_dbg=0.0000, multi_station_count_mean=1.85, multi_station_count_max=3.00, D=1.3465e-04, D_parallel=1.3465e-04, D_perp=2.6929e-05
Restored best model checkpoint: epoch=2500, raw_loss=166863.203125
Estimated source (x,y) meters: -547.0073430911999 -63.97557684475653
Estimated source (lat,lon): 30.716383845007737 121.28750155976098
Saved training diagnostics: C:\Document\phd\SourceInverse\SourceInverse\result\20260629_000406_硫化氢(H₂S)\training_diagnostics.csv
Saved station peak diagnostics: C:\Document\phd\SourceInverse\SourceInverse\result\20260629_000406_硫化氢(H₂S)\station_peak_diagnostics.csv
Computing fast source confidence landscape: mode=local, radius=450.0 m, step=150.0 m
Source landscape grid: nx=7, ny=7, total=49
Source landscape progress: 49/49 (100.0%), elapsed=0.5s, eta=0.0s
Saved source confidence outputs: C:\Document\phd\SourceInverse\SourceInverse\result\20260629_000406_硫化氢(H₂S)\source_confidence_landscape.png, C:\Document\phd\SourceInverse\SourceInverse\result\20260629_000406_硫化氢(H₂S)\source_confidence_landscape.json, C:\Document\phd\SourceInverse\SourceInverse\result\20260629_000406_硫化氢(H₂S)\source_probability_map.csv
Saved result quality report: C:\Document\phd\SourceInverse\SourceInverse\result\20260629_000406_硫化氢(H₂S)\result_quality_report.json
Result quality warnings: raw concentration RMSE is high; one or more high-value station peaks are badly missed
Saved and displayed source confidence/site plot: C:\Document\phd\SourceInverse\SourceInverse\result\20260629_000406_硫化氢(H₂S)\sites_source_confidence.png
