> C:\Document\phd\SourceInverse\SourceInverse\.venv_clean\Scripts\python.exe C:\Document\phd\SourceInverse\SourceInverse\pinn_source\pinn_source_pinn.py

Output directory: C:\Document\phd\SourceInverse\SourceInverse\result\20260629_084205_二氧化硫(SO₂)
Saved training input copies: sites.xlsx, concentration.xlsx, wind.xlsx
Event window crop: kept_rows=13/13, start=2026-04-15 04:00:00, end=2026-04-15 16:00:00, pad_steps=2
Wind vector smoothing: window=5, low_speed_mps=0.80, raw_step_mean=24.1 deg, raw_step_max=179.0 deg, smooth_step_mean=14.1 deg, smooth_step_max=141.1 deg
Using device: cuda (preference=auto)
CUDA device: NVIDIA GeForce RTX 4070 Laptop GPU
Data summary: n_obs=104, fit_min=0.000, fit_p50=0.000, fit_p95=6.000, fit_max=222.000, c_scale=6.000, train_on_residual=True, baseline_mode=median
Baseline summary: base_min=4.000, base_p50=4.500, base_p95=5.200, base_max=5.500, raw_max=227.000
Anomaly-weight summary: high_ref=6.000, w_mean=36.479, w_max=3285.000
Time-peak-weight summary: w_mean=1.123, w_max=5.000, ratio=0.60, min_relief=0.15
Event-weight summary: time_w_mean=3.000, time_w_max=3.000, peak_w_mean=1.250, peak_w_max=3.000
Q mode: smooth_time, continuous_time_nodes=13, event_active_count=13/13
Source position mode: single
Training speed settings: epochs=2500, n_collocation=1500, landscape_step=150.0m, landscape_geometry=False, gif=24x80x80
Epoch 500: raw_loss=43018.214844, data=43017.5273, pde=0.2723, source_local=0.0000, axis=0.3583, high_downwind=0.0268, q_smooth=0.0227, q_l2=0.0944, D=1.340e-04, Q_mean=5.9300, xs=0.238, ys=0.132, pde_factor=1.000, data_mult=1.00, multi_mult=1.00
Timing: data_forward=0.010s, obs_losses=0.000s, pde=0.069s, source_local=0.000s, axis=0.000s, backward=0.111s, optimizer=0.001s, epoch_total=0.195s
Debug: bg[mean=-0.0229, std=0.0011, min=-0.0245, max=-0.0210], plume[mean=0.0140, std=0.0450, min=0.0000, max=0.2121], Q[mean=0.4990, std=0.0518, min=0.4218, max=0.6200], gate[mean=0.0140, std=0.0450, min=0.0000, max=0.2121], source_term[mean=0.0152, std=0.0490, min=0.0000, max=0.2309], pred[mean=0.0152, std=0.0490, min=0.0000, max=0.2309], fit_raw_rmse=21.8979, weighted_data_residual=21.0642, bg_abs_mean=0.0229, source_abs_mean=0.0152, pde_abs_mean=0.0949, baseline_mean=4.6154, obs_fit_mean=0.5913, pred_raw_mean=4.7068, pred_raw_max=6.3852, peak_hit_mean=0.4350, peak_obs_mean=26.6923, peak_pred_mean=4.6605, peak_gate_mean=0.0069, peak_q_obs_mean=0.4990, peak_plume_mean=0.0069, multi_high_shape_dbg=0.0000, multi_high_sep_dbg=0.0000, multi_high_time_dbg=0.0000, multi_station_count_mean=2.15, multi_station_count_max=3.00, D=1.3402e-04, D_parallel=1.3402e-04, D_perp=2.6804e-05
Epoch 1000: raw_loss=37562.910156, data=37526.2852, pde=36.1401, source_local=0.0000, axis=0.4425, high_downwind=0.0124, q_smooth=0.6594, q_l2=0.1582, D=1.340e-04, Q_mean=20.5953, xs=0.380, ys=0.107, pde_factor=1.000, data_mult=1.00, multi_mult=1.00
Timing: data_forward=0.007s, obs_losses=0.021s, pde=0.076s, source_local=0.018s, axis=0.000s, backward=0.125s, optimizer=0.001s, epoch_total=0.251s
Debug: bg[mean=-0.0229, std=0.0011, min=-0.0245, max=-0.0210], plume[mean=0.1695, std=0.5240, min=0.0000, max=2.5712], Q[mean=1.7720, std=0.7335, min=1.0764, max=3.3770], gate[mean=0.1695, std=0.5240, min=0.0000, max=2.5712], source_term[mean=0.2033, std=0.6286, min=0.0000, max=3.0844], pred[mean=0.2033, std=0.6286, min=0.0000, max=3.0844], fit_raw_rmse=20.8031, weighted_data_residual=20.0020, bg_abs_mean=0.0229, source_abs_mean=0.2033, pde_abs_mean=2.2733, baseline_mean=4.6154, obs_fit_mean=0.5913, pred_raw_mean=5.8353, pred_raw_max=23.5066, peak_hit_mean=0.4399, peak_obs_mean=26.6923, peak_pred_mean=5.7849, peak_gate_mean=0.1625, peak_q_obs_mean=1.7720, peak_plume_mean=0.1625, multi_high_shape_dbg=0.0000, multi_high_sep_dbg=0.0000, multi_high_time_dbg=0.0000, multi_station_count_mean=2.15, multi_station_count_max=3.00, D=1.3402e-04, D_parallel=1.3402e-04, D_perp=2.6805e-05
Epoch 1500: raw_loss=29534.482422, data=29387.0762, pde=146.9357, source_local=0.0000, axis=0.4413, high_downwind=0.0112, q_smooth=0.2341, q_l2=0.4281, D=1.340e-04, Q_mean=42.2987, xs=0.380, ys=0.100, pde_factor=1.000, data_mult=1.00, multi_mult=1.00
Timing: data_forward=0.008s, obs_losses=0.000s, pde=0.079s, source_local=0.000s, axis=0.000s, backward=0.115s, optimizer=0.001s, epoch_total=0.207s
Debug: bg[mean=-0.0229, std=0.0011, min=-0.0245, max=-0.0210], plume[mean=0.3745, std=1.1445, min=0.0000, max=4.7985], Q[mean=3.5267, std=1.4677, min=1.5900, max=5.0000], gate[mean=0.3745, std=1.1445, min=0.0000, max=4.7985], source_term[mean=0.5325, std=1.6275, min=0.0000, max=6.8231], pred[mean=0.5325, std=1.6275, min=0.0000, max=6.8231], fit_raw_rmse=20.5172, weighted_data_residual=18.3126, bg_abs_mean=0.0229, source_abs_mean=0.5325, pde_abs_mean=3.5949, baseline_mean=4.6154, obs_fit_mean=0.5913, pred_raw_mean=7.8102, pred_raw_max=45.9158, peak_hit_mean=0.4480, peak_obs_mean=26.6923, peak_pred_mean=7.6171, peak_gate_mean=0.3518, peak_q_obs_mean=3.5267, peak_plume_mean=0.3518, multi_high_shape_dbg=0.0000, multi_high_sep_dbg=0.0000, multi_high_time_dbg=0.0000, multi_station_count_mean=2.15, multi_station_count_max=3.00, D=1.3404e-04, D_parallel=1.3404e-04, D_perp=2.6809e-05
Epoch 2000: raw_loss=26550.451172, data=26439.5176, pde=110.4674, source_local=0.0000, axis=0.4412, high_downwind=0.0110, q_smooth=0.1300, q_l2=0.4360, D=1.341e-04, Q_mean=44.3266, xs=0.380, ys=0.099, pde_factor=1.000, data_mult=1.00, multi_mult=1.00
Timing: data_forward=0.010s, obs_losses=0.000s, pde=0.080s, source_local=0.000s, axis=0.000s, backward=0.099s, optimizer=0.001s, epoch_total=0.196s
Debug: bg[mean=-0.0229, std=0.0011, min=-0.0245, max=-0.0210], plume[mean=0.3860, std=1.1691, min=0.0000, max=4.8162], Q[mean=3.6643, std=1.4021, min=1.7892, max=5.0000], gate[mean=0.3860, std=1.1691, min=0.0000, max=4.8162], source_term[mean=0.6816, std=2.0644, min=0.0000, max=8.5046], pred[mean=0.6816, std=2.0644, min=0.0000, max=8.5046], fit_raw_rmse=21.1029, weighted_data_residual=17.6766, bg_abs_mean=0.0229, source_abs_mean=0.6816, pde_abs_mean=3.1652, baseline_mean=4.6154, obs_fit_mean=0.5913, pred_raw_mean=8.7053, pred_raw_max=56.0031, peak_hit_mean=0.4512, peak_obs_mean=26.6923, peak_pred_mean=8.3431, peak_gate_mean=0.3518, peak_q_obs_mean=3.6643, peak_plume_mean=0.3518, multi_high_shape_dbg=0.0000, multi_high_sep_dbg=0.0000, multi_high_time_dbg=0.0000, multi_station_count_mean=2.15, multi_station_count_max=3.00, D=1.3408e-04, D_parallel=1.3408e-04, D_perp=2.6816e-05
Epoch 2500: raw_loss=23584.080078, data=23298.9727, pde=284.6425, source_local=0.0000, axis=0.4412, high_downwind=0.0110, q_smooth=0.0928, q_l2=0.4382, D=1.341e-04, Q_mean=45.9448, xs=0.380, ys=0.099, pde_factor=1.000, data_mult=1.00, multi_mult=1.00
Timing: data_forward=0.010s, obs_losses=0.024s, pde=0.077s, source_local=0.016s, axis=0.000s, backward=0.112s, optimizer=0.001s, epoch_total=0.245s
Debug: bg[mean=-0.0229, std=0.0011, min=-0.0245, max=-0.0210], plume[mean=0.3931, std=1.1786, min=0.0000, max=4.8128], Q[mean=3.7962, std=1.2734, min=2.1205, max=5.0000], gate[mean=0.3931, std=1.1786, min=0.0000, max=4.8128], source_term[mean=0.8468, std=2.5391, min=0.0000, max=10.3682], pred[mean=0.8468, std=2.5391, min=0.0000, max=10.3682], fit_raw_rmse=22.0838, weighted_data_residual=16.9529, bg_abs_mean=0.0229, source_abs_mean=0.8468, pde_abs_mean=4.3922, baseline_mean=4.6154, obs_fit_mean=0.5913, pred_raw_mean=9.6963, pred_raw_max=67.1786, peak_hit_mean=0.4548, peak_obs_mean=26.6923, peak_pred_mean=9.1632, peak_gate_mean=0.3518, peak_q_obs_mean=3.7962, peak_plume_mean=0.3518, multi_high_shape_dbg=0.0000, multi_high_sep_dbg=0.0000, multi_high_time_dbg=0.0000, multi_station_count_mean=2.15, multi_station_count_max=3.00, D=1.3414e-04, D_parallel=1.3414e-04, D_perp=2.6828e-05
Restored best model checkpoint: epoch=2500, raw_loss=23584.080078
Estimated source (x,y) meters: 2665.104029704953 724.3505332788604
Estimated source (lat,lon): 30.723515436378495 121.32106526682551
Saved training diagnostics: C:\Document\phd\SourceInverse\SourceInverse\result\20260629_084205_二氧化硫(SO₂)\training_diagnostics.csv
Saved station peak diagnostics: C:\Document\phd\SourceInverse\SourceInverse\result\20260629_084205_二氧化硫(SO₂)\station_peak_diagnostics.csv
Computing fast source confidence landscape: mode=local, radius=450.0 m, step=150.0 m
Source landscape grid: nx=7, ny=7, total=49
Source landscape progress: 49/49 (100.0%), elapsed=0.4s, eta=0.0s
Saved source confidence outputs: C:\Document\phd\SourceInverse\SourceInverse\result\20260629_084205_二氧化硫(SO₂)\source_confidence_landscape.png, C:\Document\phd\SourceInverse\SourceInverse\result\20260629_084205_二氧化硫(SO₂)\source_confidence_landscape.json, C:\Document\phd\SourceInverse\SourceInverse\result\20260629_084205_二氧化硫(SO₂)\source_probability_map.csv
Saved result quality report: C:\Document\phd\SourceInverse\SourceInverse\result\20260629_084205_二氧化硫(SO₂)\result_quality_report.json
Result quality warnings: estimated source is close to the source-domain boundary; raw concentration RMSE is high; one or more high-value station peaks are badly missed
Saved station time-series plot: C:\Document\phd\SourceInverse\SourceInverse\result\20260629_084205_二氧化硫(SO₂)\station_timeseries.png
Saved source confidence/site plot: C:\Document\phd\SourceInverse\SourceInverse\result\20260629_084205_二氧化硫(SO₂)\sites_source_confidence.png
